<?xml version="1.0" encoding="UTF-8"?>
<testsuite xmlns:xsi="http://www.w3.org/2001/XMLSchema-instance" xsi:noNamespaceSchemaLocation="https://maven.apache.org/surefire/maven-surefire-plugin/xsd/surefire-test-report-3.0.xsd" version="3.0" name="runner.TestRunner" time="18.027" tests="5" errors="0" skipped="0" failures="2">
  <properties>
[...]
</properties>
  <testcase name="runScenario[&quot;Invalid/Wrong username on login&quot;, &quot;The Internet login&quot;](1)" classname="runner.TestRunner" time="11.785">
    <system-out><![CDATA[
@SmokeTest
Scenario Outline: Wrong password on login                &amp#27;[90m# src/test/resources/feature/login.feature:34&amp#27;[0m

@RegressionTest
Scenario: The Internet initial login                     &amp#27;[90m# src/test/resources/feature/login.feature:7&amp#27;[0m

@RegressionTest @SmokeTest
Scenario Outline: Invalid/Wrong username on login          &amp#27;[90m# src/test/resources/feature/login.feature:23&amp#27;[0m

@SmokeTest @RegressionTest
Scenario Outline: Positive form fillup                                   &amp#27;[90m# src/test/resources/feature/Form.feature:17&amp#27;[0m

@SmokeTest
Scenario Outline: Positive form fillup                                   &amp#27;[90m# src/test/resources/feature/Form.feature:21&amp#27;[0m
  &amp#27;[32mGiven &amp#27;[0m&amp#27;[32muser is on the the internet page&amp#27;[0m                 &amp#27;[90m# stepDefinitions.PositiveAndNegativeLogin.user_is_on_the_the_internet_page()&amp#27;[0m
  &amp#27;[32mGiven &amp#27;[0m&amp#27;[32muser is on the the internet page&amp#27;[0m                 &amp#27;[90m# stepDefinitions.PositiveAndNegativeLogin.user_is_on_the_the_internet_page()&amp#27;[0m
The Internet
  &amp#27;[32mWhen &amp#27;[0m&amp#27;[32mtitle of login page is The Internet&amp#27;[0m               &amp#27;[90m# stepDefinitions.PositiveAndNegativeLogin.title_of_login_page_is_the_internet()&amp#27;[0m
  &amp#27;[32mGiven &amp#27;[0m&amp#27;[32muser is on the the internet page&amp#27;[0m                   &amp#27;[90m# stepDefinitions.PositiveAndNegativeLogin.user_is_on_the_the_internet_page()&amp#27;[0m
  &amp#27;[32mWhen &amp#27;[0m&amp#27;[32muser enters wrong &amp#27;[0m&amp#27;[32m&amp#27;[1mtomsmith&amp#27;[0m&amp#27;[32m and &amp#27;[0m&amp#27;[32m&amp#27;[1mwrongpass&amp#27;[0m          &amp#27;[90m# stepDefinitions.PositiveAndNegativeLogin.user_enters_wrong_username_and_password(java.lang.String,java.lang.String)&amp#27;[0m
  &amp#27;[32mWhen &amp#27;[0m&amp#27;[32muser enters correct &amp#27;[0m&amp#27;[32m&amp#27;[1mqabhiw&amp#27;[0m&amp#27;[32m but &amp#27;[0m&amp#27;[32m&amp#27;[1mSuperSecretPassword!&amp#27;[0m &amp#27;[90m# stepDefinitions.PositiveAndNegativeLogin.user_enters_correct_username_but_password(java.lang.String,java.lang.String)&amp#27;[0m
  &amp#27;[32mThen &amp#27;[0m&amp#27;[32muser enters "&amp#27;[0m&amp#27;[32m&amp#27;[1mtomsmith&amp#27;[0m&amp#27;[32m" and "&amp#27;[0m&amp#27;[32m&amp#27;[1mSuperSecretPassword!&amp#27;[0m&amp#27;[32m"&amp#27;[0m &amp#27;[90m# stepDefinitions.PositiveAndNegativeLogin.user_enters_username_and_password(java.lang.String,java.lang.String)&amp#27;[0m
  &amp#27;[32mAnd &amp#27;[0m&amp#27;[32muser clicks on login button third&amp#27;[0m                  &amp#27;[90m# stepDefinitions.PositiveAndNegativeLogin.user_clicks_on_login_button_third()&amp#27;[0m
  &amp#27;[32mAnd &amp#27;[0m&amp#27;[32muser clicks on login button second&amp#27;[0m                   &amp#27;[90m# stepDefinitions.PositiveAndNegativeLogin.user_clicks_on_login_button_second()&amp#27;[0m
You cannot login as Your password is invalid!
×
You cannot login as Your username is invalid!
×
  &amp#27;[32mAnd &amp#27;[0m&amp#27;[32muser clicks on login button first&amp#27;[0m                  &amp#27;[90m# stepDefinitions.PositiveAndNegativeLogin.user_clicks_on_login_button_first()&amp#27;[0m
login success You logged into a secure area!
×
  &amp#27;[32mThen &amp#27;[0m&amp#27;[32muser login fail with error message at the top one&amp#27;[0m   &amp#27;[90m# stepDefinitions.PositiveAndNegativeLogin.user_login_fail_with_error_message_at_the_top_one()&amp#27;[0m
]]></system-out>
    <system-err><![CDATA[SLF4J: Failed to load class "org.slf4j.impl.StaticLoggerBinder".
SLF4J: Defaulting to no-operation (NOP) logger implementation
SLF4J: See http://www.slf4j.org/codes.html#StaticLoggerBinder for further details.
]]></system-err>
  </testcase>
  <testcase name="runScenario[&quot;Wrong password on login&quot;, &quot;The Internet login&quot;](2)" classname="runner.TestRunner" time="11.849">
    <system-out><![CDATA[  &amp#27;[32mThen &amp#27;[0m&amp#27;[32muser login fail with error message at the top two&amp#27;[0m &amp#27;[90m# stepDefinitions.PositiveAndNegativeLogin.user_login_fail_with_error_message_at_the_top_two()&amp#27;[0m
]]></system-out>
  </testcase>
  <testcase name="runScenario[&quot;The Internet initial login&quot;, &quot;The Internet login&quot;](3)" classname="runner.TestRunner" time="11.899">
    <system-out><![CDATA[  &amp#27;[32mThen &amp#27;[0m&amp#27;[32muser lands on home page&amp#27;[0m                           &amp#27;[90m# stepDefinitions.PositiveAndNegativeLogin.user_lands_on_home_page()&amp#27;[0m
]]></system-out>
  </testcase>
  <testcase name="runScenario[&quot;Positive form fillup&quot;, &quot;Fill up the form to submit&quot;](4)" classname="runner.TestRunner" time="16.498">
    <failure message="The step &apos;user enters the mandatory name1, ln1, ab@email.com and 9876543210&apos; and 1 other step(s) are undefined.&#10;You can implement these steps using the snippet(s) below:&#10;&#10;@Then(&quot;user enters the mandatory name1, ln1, ab@email.com and {int}&quot;)&#10;public void user_enters_the_mandatory_name1_ln1_ab_email_com_and(Integer int1) {&#10;    // Write code here that turns the phrase above into concrete actions&#10;    throw new io.cucumber.java.PendingException();&#10;}&#10;@Then(&quot;selects their label[for={string}]&quot;)&#10;public void selects_their_label_for(String string) {&#10;    // Write code here that turns the phrase above into concrete actions&#10;    throw new io.cucumber.java.PendingException();&#10;}&#10;" type="io.cucumber.testng.UndefinedStepException"><![CDATA[io.cucumber.testng.UndefinedStepException: 
The step 'user enters the mandatory name1, ln1, ab@email.com and 9876543210' and 1 other step(s) are undefined.
You can implement these steps using the snippet(s) below:

@Then("user enters the mandatory name1, ln1, ab@email.com and {int}")
public void user_enters_the_mandatory_name1_ln1_ab_email_com_and(Integer int1) {
    // Write code here that turns the phrase above into concrete actions
    throw new io.cucumber.java.PendingException();
}
@Then("selects their label[for={string}]")
public void selects_their_label_for(String string) {
    // Write code here that turns the phrase above into concrete actions
    throw new io.cucumber.java.PendingException();
}

	at io.cucumber.core.runtime.TestCaseResultObserver.assertTestCasePassed(TestCaseResultObserver.java:69)
	at io.cucumber.testng.TestCaseResultObserver.assertTestCasePassed(TestCaseResultObserver.java:23)
	at io.cucumber.testng.TestNGCucumberRunner.lambda$runScenario$1(TestNGCucumberRunner.java:136)
	at io.cucumber.core.runtime.CucumberExecutionContext.lambda$runTestCase$5(CucumberExecutionContext.java:136)
	at io.cucumber.core.runtime.RethrowingThrowableCollector.executeAndThrow(RethrowingThrowableCollector.java:23)
	at io.cucumber.core.runtime.CucumberExecutionContext.runTestCase(CucumberExecutionContext.java:136)
	at io.cucumber.testng.TestNGCucumberRunner.runScenario(TestNGCucumberRunner.java:132)
	at io.cucumber.testng.AbstractTestNGCucumberTests.runScenario(AbstractTestNGCucumberTests.java:35)
	at java.base/jdk.internal.reflect.DirectMethodHandleAccessor.invoke(DirectMethodHandleAccessor.java:103)
	at java.base/java.lang.reflect.Method.invoke(Method.java:580)
	at org.testng.internal.invokers.MethodInvocationHelper.invokeMethod(MethodInvocationHelper.java:141)
	at org.testng.internal.invokers.TestInvoker.invokeMethod(TestInvoker.java:686)
	at org.testng.internal.invokers.TestInvoker.invokeTestMethod(TestInvoker.java:230)
	at org.testng.internal.invokers.TestMethodWithDataProviderMethodWorker.call(TestMethodWithDataProviderMethodWorker.java:81)
	at org.testng.internal.thread.Async$AsyncTask.run(Async.java:34)
	at java.base/java.util.concurrent.ThreadPoolExecutor.runWorker(ThreadPoolExecutor.java:1144)
	at java.base/java.util.concurrent.ThreadPoolExecutor$Worker.run(ThreadPoolExecutor.java:642)
	at java.base/java.lang.Thread.run(Thread.java:1570)
]]></failure>
    <system-out><![CDATA[  &amp#27;[32mGiven &amp#27;[0m&amp#27;[32muser is on the demoqa form page&amp#27;[0m                                  &amp#27;[90m# stepDefinitions.demoqaPositiveForm.user_is_on_the_demoqa_form_page()&amp#27;[0m
DEMOQA
  &amp#27;[32mWhen &amp#27;[0m&amp#27;[32mwhere page title is title is DEMOQA&amp#27;[0m                               &amp#27;[90m# stepDefinitions.demoqaPositiveForm.where_page_title_is_title_is_DEMOQA()&amp#27;[0m
  &amp#27;[33mThen &amp#27;[0m&amp#27;[33muser enters the mandatory name1, ln1, ab@email.com and 9876543210&amp#27;[0m
  &amp#27;[36mThen &amp#27;[0m&amp#27;[36mselects their label[for='gender-radio-1']&amp#27;[0m
  &amp#27;[36mAnd &amp#27;[0m&amp#27;[36mclicks on submit button&amp#27;[0m                                            &amp#27;[90m# stepDefinitions.demoqaPositiveForm.clicks_on_submit_button()&amp#27;[0m
  &amp#27;[36mThen &amp#27;[0m&amp#27;[36muser will see pop-up containig their submitted info&amp#27;[0m               &amp#27;[90m# stepDefinitions.demoqaPositiveForm.user_will_see_pop_up_containig_their_submitted_info()&amp#27;[0m
]]></system-out>
  </testcase>
  <testcase name="runScenario[&quot;Positive form fillup&quot;, &quot;Fill up the form to submit&quot;](5)" classname="runner.TestRunner" time="17.278">
    <failure message="The step &apos;user enters the mandatory name2, ln2, cd@email.com and 1234567890&apos; and 1 other step(s) are undefined.&#10;You can implement these steps using the snippet(s) below:&#10;&#10;@Then(&quot;user enters the mandatory name2, ln2, cd@email.com and {int}&quot;)&#10;public void user_enters_the_mandatory_name2_ln2_cd_email_com_and(Integer int1) {&#10;    // Write code here that turns the phrase above into concrete actions&#10;    throw new io.cucumber.java.PendingException();&#10;}&#10;@Then(&quot;selects their label[for={string}]&quot;)&#10;public void selects_their_label_for(String string) {&#10;    // Write code here that turns the phrase above into concrete actions&#10;    throw new io.cucumber.java.PendingException();&#10;}&#10;" type="io.cucumber.testng.UndefinedStepException"><![CDATA[io.cucumber.testng.UndefinedStepException: 
The step 'user enters the mandatory name2, ln2, cd@email.com and 1234567890' and 1 other step(s) are undefined.
You can implement these steps using the snippet(s) below:

@Then("user enters the mandatory name2, ln2, cd@email.com and {int}")
public void user_enters_the_mandatory_name2_ln2_cd_email_com_and(Integer int1) {
    // Write code here that turns the phrase above into concrete actions
    throw new io.cucumber.java.PendingException();
}
@Then("selects their label[for={string}]")
public void selects_their_label_for(String string) {
    // Write code here that turns the phrase above into concrete actions
    throw new io.cucumber.java.PendingException();
}

	at io.cucumber.core.runtime.TestCaseResultObserver.assertTestCasePassed(TestCaseResultObserver.java:69)
	at io.cucumber.testng.TestCaseResultObserver.assertTestCasePassed(TestCaseResultObserver.java:23)
	at io.cucumber.testng.TestNGCucumberRunner.lambda$runScenario$1(TestNGCucumberRunner.java:136)
	at io.cucumber.core.runtime.CucumberExecutionContext.lambda$runTestCase$5(CucumberExecutionContext.java:136)
	at io.cucumber.core.runtime.RethrowingThrowableCollector.executeAndThrow(RethrowingThrowableCollector.java:23)
	at io.cucumber.core.runtime.CucumberExecutionContext.runTestCase(CucumberExecutionContext.java:136)
	at io.cucumber.testng.TestNGCucumberRunner.runScenario(TestNGCucumberRunner.java:132)
	at io.cucumber.testng.AbstractTestNGCucumberTests.runScenario(AbstractTestNGCucumberTests.java:35)
	at java.base/jdk.internal.reflect.DirectMethodHandleAccessor.invoke(DirectMethodHandleAccessor.java:103)
	at java.base/java.lang.reflect.Method.invoke(Method.java:580)
	at org.testng.internal.invokers.MethodInvocationHelper.invokeMethod(MethodInvocationHelper.java:141)
	at org.testng.internal.invokers.TestInvoker.invokeMethod(TestInvoker.java:686)
	at org.testng.internal.invokers.TestInvoker.invokeTestMethod(TestInvoker.java:230)
	at org.testng.internal.invokers.TestMethodWithDataProviderMethodWorker.call(TestMethodWithDataProviderMethodWorker.java:81)
	at org.testng.internal.thread.Async$AsyncTask.run(Async.java:34)
	at java.base/java.util.concurrent.ThreadPoolExecutor.runWorker(ThreadPoolExecutor.java:1144)
	at java.base/java.util.concurrent.ThreadPoolExecutor$Worker.run(ThreadPoolExecutor.java:642)
	at java.base/java.lang.Thread.run(Thread.java:1570)
]]></failure>
    <system-out><![CDATA[  &amp#27;[32mGiven &amp#27;[0m&amp#27;[32muser is on the demoqa form page&amp#27;[0m                                  &amp#27;[90m# stepDefinitions.demoqaPositiveForm.user_is_on_the_demoqa_form_page()&amp#27;[0m
DEMOQA
  &amp#27;[32mWhen &amp#27;[0m&amp#27;[32mwhere page title is title is DEMOQA&amp#27;[0m                               &amp#27;[90m# stepDefinitions.demoqaPositiveForm.where_page_title_is_title_is_DEMOQA()&amp#27;[0m
  &amp#27;[33mThen &amp#27;[0m&amp#27;[33muser enters the mandatory name2, ln2, cd@email.com and 1234567890&amp#27;[0m
  &amp#27;[36mThen &amp#27;[0m&amp#27;[36mselects their label[for='gender-radio-2']&amp#27;[0m
  &amp#27;[36mAnd &amp#27;[0m&amp#27;[36mclicks on submit button&amp#27;[0m                                            &amp#27;[90m# stepDefinitions.demoqaPositiveForm.clicks_on_submit_button()&amp#27;[0m
  &amp#27;[36mThen &amp#27;[0m&amp#27;[36muser will see pop-up containig their submitted info&amp#27;[0m               &amp#27;[90m# stepDefinitions.demoqaPositiveForm.user_will_see_pop_up_containig_their_submitted_info()&amp#27;[0m
]]></system-out>
  </testcase>
</testsuite>